<?xml version="1.0" encoding="UTF-8"?>
<!-- Generated by org.testng.reporters.JUnitReportReporter -->
<testsuite hostname="DESKTOP-8DNRIMP" failures="0" tests="3" name="contacts.Working_with_Cnt_TC_baseclassTest" time="127.877" errors="0" timestamp="2025-03-04T17:08:25 IST" skipped="0">
  <testcase classname="contacts.Working_with_Cnt_TC_baseclassTest" name="contacs_02" time="35.721"/>
  <system-out/>
  <testcase classname="contacts.Working_with_Cnt_TC_baseclassTest" name="contacts_01" time="28.916"/>
  <system-out/>
  <testcase classname="contacts.Working_with_Cnt_TC_baseclassTest" name="Contacts_06" time="63.240"/>
  <system-out/>
</testsuite> <!-- contacts.Working_with_Cnt_TC_baseclassTest -->
