<?xml version="1.0" encoding="UTF-8"?>
<!-- Generated by org.testng.reporters.JUnitReportReporter -->
<testsuite hostname="DESKTOP-8DNRIMP" failures="0" tests="1" name="hii.hrtest" time="16.703" errors="0" timestamp="2025-03-04T17:49:22 IST" skipped="0">
  <testcase classname="hii.hrtest" name="orgtest" time="16.703"/>
  <system-out/>
</testsuite> <!-- hii.hrtest -->
