<?xml version="1.0" encoding="UTF-8"?>
<!-- Generated by org.testng.reporters.JUnitReportReporter -->
<testsuite hostname="DESKTOP-8DNRIMP" failures="0" tests="6" name="contacts.Working_with_Cnt_TC_baseclassTest" time="255.038" errors="0" timestamp="2025-03-04T15:47:18 IST" skipped="0">
  <testcase classname="contacts.Working_with_Cnt_TC_baseclassTest" name="Contacts_06" time="70.468"/>
  <system-out/>
  <testcase classname="contacts.Working_with_Cnt_TC_baseclassTest" name="contacts_01" time="28.023"/>
  <system-out/>
  <testcase classname="contacts.Working_with_Cnt_TC_baseclassTest" name="contacts_01" time="28.780"/>
  <system-out/>
  <testcase classname="contacts.Working_with_Cnt_TC_baseclassTest" name="Contacts_06" time="67.276"/>
  <system-out/>
  <testcase classname="contacts.Working_with_Cnt_TC_baseclassTest" name="contacs_02" time="29.437"/>
  <system-out/>
  <testcase classname="contacts.Working_with_Cnt_TC_baseclassTest" name="contacs_02" time="31.054"/>
  <system-out/>
</testsuite> <!-- contacts.Working_with_Cnt_TC_baseclassTest -->
