<?xml version="1.0" encoding="UTF-8"?>
<!-- Generated by org.testng.reporters.JUnitReportReporter -->
<testsuite hostname="DESKTOP-8DNRIMP" failures="0" tests="6" name="organization.Working_with_Org_TC_baseclassTest" time="213.869" errors="0" timestamp="2025-03-04T15:47:18 IST" skipped="0">
  <testcase classname="organization.Working_with_Org_TC_baseclassTest" name="organization_01" time="33.144"/>
  <system-out/>
  <testcase classname="organization.Working_with_Org_TC_baseclassTest" name="organization_03" time="42.331"/>
  <system-out/>
  <testcase classname="organization.Working_with_Org_TC_baseclassTest" name="organization_01" time="30.556"/>
  <system-out/>
  <testcase classname="organization.Working_with_Org_TC_baseclassTest" name="organization_02" time="30.771"/>
  <system-out/>
  <testcase classname="organization.Working_with_Org_TC_baseclassTest" name="organization_03" time="26.245"/>
  <system-out/>
  <testcase classname="organization.Working_with_Org_TC_baseclassTest" name="organization_02" time="50.822"/>
  <system-out/>
</testsuite> <!-- organization.Working_with_Org_TC_baseclassTest -->
